<?xml version="1.0" encoding="UTF-8"?>
<testsuite xmlns:xsi="http://www.w3.org/2001/XMLSchema-instance" xsi:noNamespaceSchemaLocation="https://maven.apache.org/surefire/maven-surefire-plugin/xsd/surefire-test-report-3.0.xsd" version="3.0" name="ch.bbbaden.game.GameFactoryTest" time="0.03" tests="2" errors="0" skipped="0" failures="0">
  <properties>
[...]
</properties>
  <testcase name="testCreateGameWithBingo" classname="ch.bbbaden.game.GameFactoryTest" time="0.021">
    <system-out><![CDATA[Test Name:
Guthaben: 100.0
Einsatz: 0.0
--------------------
Spieler 1:
Guthaben: 100.0
Einsatz: 10.0
--------------------
Spieler 2:
Guthaben: 100.0
Einsatz: 10.0
--------------------
Spieler 3:
Guthaben: 100.0
Einsatz: 10.0
--------------------
Spieler 4:
Guthaben: 100.0
Einsatz: 10.0
--------------------
Spieler 5:
Guthaben: 100.0
Einsatz: 10.0
--------------------
Spieler 6:
Guthaben: 100.0
Einsatz: 10.0
--------------------
Spieler 7:
Guthaben: 100.0
Einsatz: 10.0
--------------------
Spieler 8:
Guthaben: 100.0
Einsatz: 10.0
--------------------
Spieler 9:
Guthaben: 100.0
Einsatz: 10.0
--------------------
Spieler 10:
Guthaben: 100.0
Einsatz: 10.0
--------------------
Spieler 11:
Guthaben: 100.0
Einsatz: 10.0
--------------------
Spieler 12:
Guthaben: 100.0
Einsatz: 10.0
--------------------
Spieler 13:
Guthaben: 100.0
Einsatz: 10.0
--------------------
Spieler 14:
Guthaben: 100.0
Einsatz: 10.0
--------------------
Spieler 15:
Guthaben: 100.0
Einsatz: 10.0
--------------------
Spieler 16:
Guthaben: 100.0
Einsatz: 10.0
--------------------
Spieler 17:
Guthaben: 100.0
Einsatz: 10.0
--------------------
Spieler 18:
Guthaben: 100.0
Einsatz: 10.0
--------------------
Spieler 19:
Guthaben: 100.0
Einsatz: 10.0
--------------------
Spieler 20:
Guthaben: 100.0
Einsatz: 10.0
--------------------
Spieler 21:
Guthaben: 100.0
Einsatz: 10.0
--------------------
Spieler 22:
Guthaben: 100.0
Einsatz: 10.0
--------------------
Spieler 23:
Guthaben: 100.0
Einsatz: 10.0
--------------------
Spieler 24:
Guthaben: 100.0
Einsatz: 10.0
--------------------
Spieler 25:
Guthaben: 100.0
Einsatz: 10.0
--------------------
Spieler 26:
Guthaben: 100.0
Einsatz: 10.0
--------------------
Spieler 27:
Guthaben: 100.0
Einsatz: 10.0
--------------------
Spieler 28:
Guthaben: 100.0
Einsatz: 10.0
--------------------
Spieler 29:
Guthaben: 100.0
Einsatz: 10.0
--------------------
Spieler 30:
Guthaben: 100.0
Einsatz: 10.0
--------------------
Spieler 31:
Guthaben: 100.0
Einsatz: 10.0
--------------------
Spieler 32:
Guthaben: 100.0
Einsatz: 10.0
--------------------
Spieler 33:
Guthaben: 100.0
Einsatz: 10.0
--------------------
Spieler 34:
Guthaben: 100.0
Einsatz: 10.0
--------------------
Spieler 35:
Guthaben: 100.0
Einsatz: 10.0
--------------------
Spieler 36:
Guthaben: 100.0
Einsatz: 10.0
--------------------
Spieler 37:
Guthaben: 100.0
Einsatz: 10.0
--------------------
Spieler 38:
Guthaben: 100.0
Einsatz: 10.0
--------------------
Spieler 39:
Guthaben: 100.0
Einsatz: 10.0
--------------------
Spieler 40:
Guthaben: 100.0
Einsatz: 10.0
--------------------
Spieler 41:
Guthaben: 100.0
Einsatz: 10.0
--------------------
Spieler 42:
Guthaben: 100.0
Einsatz: 10.0
--------------------
Spieler 43:
Guthaben: 100.0
Einsatz: 10.0
--------------------
Spieler 44:
Guthaben: 100.0
Einsatz: 10.0
--------------------
Spieler 45:
Guthaben: 100.0
Einsatz: 10.0
--------------------
Spieler 46:
Guthaben: 100.0
Einsatz: 10.0
--------------------
Spieler 47:
Guthaben: 100.0
Einsatz: 10.0
--------------------
Spieler 48:
Guthaben: 100.0
Einsatz: 10.0
--------------------
Spieler 49:
Guthaben: 100.0
Einsatz: 10.0
--------------------
Spieler 50:
Guthaben: 100.0
Einsatz: 10.0
--------------------
Spieler 51:
Guthaben: 100.0
Einsatz: 10.0
--------------------
Spieler 52:
Guthaben: 100.0
Einsatz: 10.0
--------------------
Spieler 53:
Guthaben: 100.0
Einsatz: 10.0
--------------------
Spieler 54:
Guthaben: 100.0
Einsatz: 10.0
--------------------
Spieler 55:
Guthaben: 100.0
Einsatz: 10.0
--------------------
Spieler 56:
Guthaben: 100.0
Einsatz: 10.0
--------------------
Spieler 57:
Guthaben: 100.0
Einsatz: 10.0
--------------------
Spieler 58:
Guthaben: 100.0
Einsatz: 10.0
--------------------
Spieler 59:
Guthaben: 100.0
Einsatz: 10.0
--------------------
Spieler 60:
Guthaben: 100.0
Einsatz: 10.0
--------------------
Spieler 61:
Guthaben: 100.0
Einsatz: 10.0
--------------------
Spieler 62:
Guthaben: 100.0
Einsatz: 10.0
--------------------
Spieler 63:
Guthaben: 100.0
Einsatz: 10.0
--------------------
Spieler 64:
Guthaben: 100.0
Einsatz: 10.0
--------------------
Spieler 65:
Guthaben: 100.0
Einsatz: 10.0
--------------------
Spieler 66:
Guthaben: 100.0
Einsatz: 10.0
--------------------
Spieler 67:
Guthaben: 100.0
Einsatz: 10.0
--------------------
Spieler 68:
Guthaben: 100.0
Einsatz: 10.0
--------------------
Spieler 69:
Guthaben: 100.0
Einsatz: 10.0
--------------------
Spieler 70:
Guthaben: 100.0
Einsatz: 10.0
--------------------
Spieler 71:
Guthaben: 100.0
Einsatz: 10.0
--------------------
Spieler 72:
Guthaben: 100.0
Einsatz: 10.0
--------------------
Spieler 73:
Guthaben: 100.0
Einsatz: 10.0
--------------------
Spieler 74:
Guthaben: 100.0
Einsatz: 10.0
--------------------
Spieler 75:
Guthaben: 100.0
Einsatz: 10.0
--------------------
]]></system-out>
  </testcase>
  <testcase name="testCreateGameWithRoulette" classname="ch.bbbaden.game.GameFactoryTest" time="0.002"/>
</testsuite>